<?xml version="1.0" encoding="UTF-8"?>
<testng-results ignored="0" total="1" passed="1" failed="0" skipped="0">
  <reporter-output>
  </reporter-output>
  <suite started-at="2026-04-03T23:14:43 ICT" name="OrangeHRM Demo App Test" finished-at="2026-04-03T23:15:16 ICT" duration-ms="33420">
    <groups>
    </groups>
    <test started-at="2026-04-03T23:14:43 ICT" name="All Tests" finished-at="2026-04-03T23:15:16 ICT" duration-ms="33420">
      <class name="com.automation.tests.LoginTest">
        <test-method is-config="true" signature="setUp(java.lang.String)[pri:0, instance:com.automation.tests.LoginTest@67c27493]" started-at="2026-04-03T23:14:43 ICT" name="setUp" finished-at="2026-04-03T23:14:51 ICT" duration-ms="8179" status="PASS">
          <params>
            <param index="0">
              <value>
                <![CDATA[false]]>
              </value>
            </param>
          </params>
          <reporter-output>
          </reporter-output>
        </test-method> <!-- setUp -->
        <test-method signature="loginTest()[pri:0, instance:com.automation.tests.LoginTest@67c27493]" started-at="2026-04-03T23:14:51 ICT" name="loginTest" finished-at="2026-04-03T23:15:16 ICT" duration-ms="24863" status="PASS">
          <reporter-output>
          </reporter-output>
        </test-method> <!-- loginTest -->
        <test-method is-config="true" signature="tearDown()[pri:0, instance:com.automation.tests.LoginTest@67c27493]" started-at="2026-04-03T23:15:16 ICT" name="tearDown" finished-at="2026-04-03T23:15:16 ICT" duration-ms="308" status="PASS">
          <reporter-output>
          </reporter-output>
        </test-method> <!-- tearDown -->
      </class> <!-- com.automation.tests.LoginTest -->
    </test> <!-- All Tests -->
  </suite> <!-- OrangeHRM Demo App Test -->
</testng-results>
