<?xml version="1.0" encoding="UTF-8"?>
<testsuite xmlns:xsi="http://www.w3.org/2001/XMLSchema-instance" xsi:noNamespaceSchemaLocation="https://maven.apache.org/surefire/maven-surefire-plugin/xsd/surefire-test-report-3.0.xsd" version="3.0" name="TestSuite" time="34.569" tests="1" errors="0" skipped="0" failures="0">
  <properties>
[...]
</properties>
  <testcase name="loginTest" classname="com.automation.tests.LoginTest" time="24.869">
    <system-out><![CDATA[Loading file: common.properties => java.io.BufferedInputStream@7530ad9c
Loading file: pim.properties => java.io.BufferedInputStream@58a9760d
Loading file: performance.properties => java.io.BufferedInputStream@71e9ddb4
Loading file: recruitment.properties => java.io.BufferedInputStream@394df057
]]></system-out>
    <system-err><![CDATA[SLF4J(W): No SLF4J providers were found.
SLF4J(W): Defaulting to no-operation (NOP) logger implementation
SLF4J(W): See https://www.slf4j.org/codes.html#noProviders for further details.
Apr 03, 2026 11:14:45 PM org.openqa.selenium.devtools.CdpVersionFinder findNearestMatch
WARNING: Unable to find an exact match for CDP version 146, returning the closest version; found: 143; Please update to a Selenium version that supports CDP version 146
]]></system-err>
  </testcase>
</testsuite>